<?xml version="1.0" encoding="UTF-8"?>
<testng-results skipped="0" failed="0" ignored="0" total="1" passed="1">
  <reporter-output>
  </reporter-output>
  <suite name="Surefire suite" duration-ms="377" started-at="2022-06-02T05:05:01Z" finished-at="2022-06-02T05:05:01Z">
    <groups>
    </groups>
    <test name="Surefire test" duration-ms="377" started-at="2022-06-02T05:05:01Z" finished-at="2022-06-02T05:05:01Z">
      <class name="com.testing.Simpleproj.Demo1">
        <test-method status="PASS" signature="demo1()[pri:0, instance:com.testing.Simpleproj.Demo1@6f2cb653]" name="demo1" duration-ms="90" started-at="2022-06-02T05:05:01Z" finished-at="2022-06-02T05:05:01Z">
          <reporter-output>
          </reporter-output>
        </test-method> <!-- demo1 -->
      </class> <!-- com.testing.Simpleproj.Demo1 -->
    </test> <!-- Surefire test -->
  </suite> <!-- Surefire suite -->
</testng-results>
